<?xml version="1.0" encoding="UTF-8"?>
<testsuite xmlns:xsi="http://www.w3.org/2001/XMLSchema-instance" xsi:noNamespaceSchemaLocation="https://maven.apache.org/surefire/maven-surefire-plugin/xsd/surefire-test-report-3.0.xsd" version="3.0" name="me.nthatipamula.jslt.MainTest" time="0.823" tests="1" errors="0" skipped="0" failures="0">
  <properties>
[...]
</properties>
  <testcase name="testTransform" classname="me.nthatipamula.jslt.MainTest" time="0.306">
    <system-out><![CDATA[2022.04.25 00:36:44 INFO io.helidon.common.LogConfig Thread[main,5,main]: Logging at initialization configured using /Users/nthatipamula/exp/java/jstl-challenge-api/target/classes/logging.properties
2022.04.25 00:36:45 INFO io.helidon.common.HelidonFeatures Thread[features-thread,5,main]: Helidon SE 2.5.0 features: [Config, Health, Metrics, Web Client, WebServer]
2022.04.25 00:36:45 INFO io.helidon.common.HelidonFeatures.experimental Thread[features-thread,5,main]: You are using experimental features. These APIs may change, please follow changelog!
2022.04.25 00:36:45 INFO io.helidon.common.HelidonFeatures.experimental Thread[features-thread,5,main]: 	Experimental feature: Web Client (WebClient)
2022.04.25 00:36:45 INFO io.helidon.webserver.NettyWebServer Thread[nioEventLoopGroup-2-1,10,main]: Channel '@default' started: [id: 0xa736545c, L:/[0:0:0:0:0:0:0:0]:8080]
WEB server is up! http://localhost:8080/transform
]]></system-out>
  </testcase>
</testsuite>